#
# There is insufficient memory for the Java Runtime Environment to continue.
# Native memory allocation (malloc) failed to allocate 1366128 bytes for Chunk::new
# Possible reasons:
#   The system is out of physical RAM or swap space
#   The process is running with CompressedOops enabled, and the Java Heap may be blocking the growth of the native heap
# Possible solutions:
#   Reduce memory load on the system
#   Increase physical memory or swap space
#   Check if swap backing store is full
#   Decrease Java heap size (-Xmx/-Xms)
#   Decrease number of Java threads
#   Decrease Java thread stack sizes (-Xss)
#   Set larger code cache with -XX:ReservedCodeCacheSize=
#   JVM is running with Unscaled Compressed Oops mode in which the Java heap is
#     placed in the first 4GB address space. The Java Heap base address is the
#     maximum limit for the native heap growth. Please use -XX:HeapBaseMinAddress
#     to set the Java Heap base and to place the Java Heap above 4GB virtual address.
# This output file may be truncated or incomplete.
#
#  Out of Memory Error (arena.cpp:189), pid=17924, tid=16680
#
# JRE version: OpenJDK Runtime Environment Temurin-17.0.2+8 (17.0.2+8) (build 17.0.2+8)
# Java VM: OpenJDK 64-Bit Server VM Temurin-17.0.2+8 (17.0.2+8, mixed mode, tiered, compressed oops, compressed class ptrs, g1 gc, windows-amd64)
# No core dump will be written. Minidumps are not enabled by default on client versions of Windows
#

---------------  S U M M A R Y ------------

Command Line: -Dfile.encoding=UTF-8 -XX:+ShowCodeDetailsInExceptionMessages com.isidro.ejercicio4.Application

Host: Intel(R) Core(TM) i7-7500U CPU @ 2.70GHz, 4 cores, 7G,  Windows 11 , 64 bit Build 22000 (10.0.22000.434)
Time: Fri Apr  1 14:22:16 2022 Hora de verano romance elapsed time: 17.507015 seconds (0d 0h 0m 17s)

---------------  T H R E A D  ---------------

Current thread (0x0000020bca0050d0):  JavaThread "C2 CompilerThread0" daemon [_thread_in_native, id=16680, stack(0x0000005a23200000,0x0000005a23300000)]


Current CompileTask:
C2:  17507 3720       4       java.lang.reflect.Method::getAnnotation (6 bytes)

Stack: [0x0000005a23200000,0x0000005a23300000]
Native frames: (J=compiled Java code, j=interpreted, Vv=VM code, C=native code)
V  [jvm.dll+0x67564a]
V  [jvm.dll+0x82fc04]
V  [jvm.dll+0x8313ae]
V  [jvm.dll+0x831a13]
V  [jvm.dll+0x245235]
V  [jvm.dll+0xabd7b]
V  [jvm.dll+0xac30c]
V  [jvm.dll+0x3631f7]
V  [jvm.dll+0x32d891]
V  [jvm.dll+0x32cd3a]
V  [jvm.dll+0x2180d1]
V  [jvm.dll+0x2174f1]
V  [jvm.dll+0x1a3a8d]
V  [jvm.dll+0x226ef8]
V  [jvm.dll+0x22503c]
V  [jvm.dll+0x7e596b]
V  [jvm.dll+0x7dff2a]
V  [jvm.dll+0x6744d5]
C  [ucrtbase.dll+0x26c0c]
C  [KERNEL32.DLL+0x154e0]
C  [ntdll.dll+0x485b]


---------------  P R O C E S S  ---------------

Threads class SMR info:
_java_thread_list=0x0000020bd051fc30, length=17, elements={
0x0000020baea526c0, 0x0000020bc9fc1f50, 0x0000020bc9fccea0, 0x0000020bcac1c290,
0x0000020bcac1cc40, 0x0000020bcac1e600, 0x0000020bcac224b0, 0x0000020bca0050d0,
0x0000020bca005ac0, 0x0000020bca02d460, 0x0000020bcad88af0, 0x0000020bcad9f0d0,
0x0000020bce260af0, 0x0000020bcb654070, 0x0000020bcc2688a0, 0x0000020bcc9b5880,
0x0000020bcc9b6220
}

Java Threads: ( => current thread )
  0x0000020baea526c0 JavaThread "main" [_thread_in_native, id=5776, stack(0x0000005a22400000,0x0000005a22500000)]
  0x0000020bc9fc1f50 JavaThread "Reference Handler" daemon [_thread_blocked, id=17628, stack(0x0000005a22b00000,0x0000005a22c00000)]
  0x0000020bc9fccea0 JavaThread "Finalizer" daemon [_thread_blocked, id=19808, stack(0x0000005a22c00000,0x0000005a22d00000)]
  0x0000020bcac1c290 JavaThread "Signal Dispatcher" daemon [_thread_blocked, id=22908, stack(0x0000005a22e00000,0x0000005a22f00000)]
  0x0000020bcac1cc40 JavaThread "Attach Listener" daemon [_thread_blocked, id=22204, stack(0x0000005a22f00000,0x0000005a23000000)]
  0x0000020bcac1e600 JavaThread "Service Thread" daemon [_thread_blocked, id=14320, stack(0x0000005a23000000,0x0000005a23100000)]
  0x0000020bcac224b0 JavaThread "Monitor Deflation Thread" daemon [_thread_blocked, id=2320, stack(0x0000005a23100000,0x0000005a23200000)]
=>0x0000020bca0050d0 JavaThread "C2 CompilerThread0" daemon [_thread_in_native, id=16680, stack(0x0000005a23200000,0x0000005a23300000)]
  0x0000020bca005ac0 JavaThread "C1 CompilerThread0" daemon [_thread_blocked, id=13464, stack(0x0000005a23300000,0x0000005a23400000)]
  0x0000020bca02d460 JavaThread "Sweeper thread" daemon [_thread_blocked, id=18964, stack(0x0000005a23400000,0x0000005a23500000)]
  0x0000020bcad88af0 JavaThread "Notification Thread" daemon [_thread_blocked, id=16532, stack(0x0000005a23500000,0x0000005a23600000)]
  0x0000020bcad9f0d0 JavaThread "Common-Cleaner" daemon [_thread_blocked, id=22548, stack(0x0000005a23700000,0x0000005a23800000)]
  0x0000020bce260af0 JavaThread "Catalina-utility-1" [_thread_blocked, id=4968, stack(0x0000005a23c00000,0x0000005a23d00000)]
  0x0000020bcb654070 JavaThread "Catalina-utility-2" [_thread_blocked, id=17600, stack(0x0000005a23d00000,0x0000005a23e00000)]
  0x0000020bcc2688a0 JavaThread "container-0" [_thread_blocked, id=9608, stack(0x0000005a23e00000,0x0000005a23f00000)]
  0x0000020bcc9b5880 JavaThread "HikariPool-1 housekeeper" daemon [_thread_blocked, id=9876, stack(0x0000005a23f00000,0x0000005a24000000)]
  0x0000020bcc9b6220 JavaThread "HikariPool-1 connection adder" daemon [_thread_blocked, id=10496, stack(0x0000005a24000000,0x0000005a24100000)]

Other Threads:
  0x0000020bc9fbc5c0 VMThread "VM Thread" [stack: 0x0000005a22a00000,0x0000005a22b00000] [id=18956]
  0x0000020baeaadb30 WatcherThread [stack: 0x0000005a23600000,0x0000005a23700000] [id=12236]
  0x0000020baea8f670 GCTaskThread "GC Thread#0" [stack: 0x0000005a22500000,0x0000005a22600000] [id=1436]
  0x0000020bcb5ac3d0 GCTaskThread "GC Thread#1" [stack: 0x0000005a23800000,0x0000005a23900000] [id=5332]
  0x0000020bcc0167e0 GCTaskThread "GC Thread#2" [stack: 0x0000005a23900000,0x0000005a23a00000] [id=18316]
  0x0000020bcb1fe1d0 GCTaskThread "GC Thread#3" [stack: 0x0000005a23a00000,0x0000005a23b00000] [id=10648]
  0x0000020baeaa14c0 ConcurrentGCThread "G1 Main Marker" [stack: 0x0000005a22600000,0x0000005a22700000] [id=4496]
  0x0000020baeaa2740 ConcurrentGCThread "G1 Conc#0" [stack: 0x0000005a22700000,0x0000005a22800000] [id=23476]
  0x0000020baeb0e090 ConcurrentGCThread "G1 Refine#0" [stack: 0x0000005a22800000,0x0000005a22900000] [id=21324]
  0x0000020bcb328830 ConcurrentGCThread "G1 Refine#1" [stack: 0x0000005a23b00000,0x0000005a23c00000] [id=14880]
  0x0000020baeb119d0 ConcurrentGCThread "G1 Service" [stack: 0x0000005a22900000,0x0000005a22a00000] [id=2484]

Threads with active compile tasks:
C2 CompilerThread0    17586 3720       4       java.lang.reflect.Method::getAnnotation (6 bytes)

VM state: not at safepoint (normal execution)

VM Mutex/Monitor currently owned by a thread: None

Heap address: 0x0000000082800000, size: 2008 MB, Compressed Oops mode: 32-bit

CDS archive(s) not mapped
Compressed class space mapped at: 0x0000000100000000-0x0000000140000000, reserved size: 1073741824
Narrow klass base: 0x0000000000000000, Narrow klass shift: 3, Narrow klass range: 0x140000000

GC Precious Log:
 CPUs: 4 total, 4 available
 Memory: 8025M
 Large Page Support: Disabled
 NUMA Support: Disabled
 Compressed Oops: Enabled (32-bit)
 Heap Region Size: 1M
 Heap Min Capacity: 8M
 Heap Initial Capacity: 126M
 Heap Max Capacity: 2008M
 Pre-touch: Disabled
 Parallel Workers: 4
 Concurrent Workers: 1
 Concurrent Refinement Workers: 4
 Periodic GC: Disabled

Heap:
 garbage-first heap   total 37888K, used 24913K [0x0000000082800000, 0x0000000100000000)
  region size 1024K, 10 young (10240K), 2 survivors (2048K)
 Metaspace       used 47941K, committed 48320K, reserved 1097728K
  class space    used 6020K, committed 6208K, reserved 1048576K

Heap Regions: E=young(eden), S=young(survivor), O=old, HS=humongous(starts), HC=humongous(continues), CS=collection set, F=free, OA=open archive, CA=closed archive, TAMS=top-at-mark-start (previous, next)
|   0|0x0000000082800000, 0x0000000082900000, 0x0000000082900000|100%|HS|  |TAMS 0x0000000082900000, 0x0000000082800000| Complete 
|   1|0x0000000082900000, 0x0000000082a00000, 0x0000000082a00000|100%| O|  |TAMS 0x0000000082a00000, 0x0000000082900000| Untracked 
|   2|0x0000000082a00000, 0x0000000082b00000, 0x0000000082b00000|100%| O|  |TAMS 0x0000000082b00000, 0x0000000082a00000| Untracked 
|   3|0x0000000082b00000, 0x0000000082c00000, 0x0000000082c00000|100%| O|  |TAMS 0x0000000082c00000, 0x0000000082b00000| Untracked 
|   4|0x0000000082c00000, 0x0000000082d00000, 0x0000000082d00000|100%| O|  |TAMS 0x0000000082d00000, 0x0000000082c00000| Untracked 
|   5|0x0000000082d00000, 0x0000000082e00000, 0x0000000082e00000|100%| O|  |TAMS 0x0000000082e00000, 0x0000000082d00000| Untracked 
|   6|0x0000000082e00000, 0x0000000082e48600, 0x0000000082f00000| 28%| O|  |TAMS 0x0000000082e48600, 0x0000000082e00000| Untracked 
|   7|0x0000000082f00000, 0x0000000083000000, 0x0000000083000000|100%| O|  |TAMS 0x0000000083000000, 0x0000000082f00000| Untracked 
|   8|0x0000000083000000, 0x0000000083100000, 0x0000000083100000|100%| O|  |TAMS 0x0000000083100000, 0x0000000083000000| Untracked 
|   9|0x0000000083100000, 0x0000000083200000, 0x0000000083200000|100%| O|  |TAMS 0x0000000083200000, 0x0000000083100000| Untracked 
|  10|0x0000000083200000, 0x0000000083300000, 0x0000000083300000|100%| O|  |TAMS 0x0000000083300000, 0x0000000083200000| Untracked 
|  11|0x0000000083300000, 0x0000000083400000, 0x0000000083400000|100%| O|  |TAMS 0x0000000083400000, 0x0000000083300000| Untracked 
|  12|0x0000000083400000, 0x0000000083500000, 0x0000000083500000|100%| O|  |TAMS 0x0000000083500000, 0x0000000083400000| Untracked 
|  13|0x0000000083500000, 0x0000000083600000, 0x0000000083600000|100%| O|  |TAMS 0x0000000083600000, 0x0000000083500000| Untracked 
|  14|0x0000000083600000, 0x0000000083700000, 0x0000000083700000|100%| O|  |TAMS 0x0000000083700000, 0x0000000083600000| Untracked 
|  15|0x0000000083700000, 0x0000000083800000, 0x0000000083800000|100%| O|  |TAMS 0x0000000083800000, 0x0000000083700000| Untracked 
|  16|0x0000000083800000, 0x0000000083900000, 0x0000000083900000|100%| O|  |TAMS 0x00000000838c9200, 0x0000000083800000| Untracked 
|  17|0x0000000083900000, 0x0000000083989800, 0x0000000083a00000| 53%| O|  |TAMS 0x0000000083900000, 0x0000000083900000| Untracked 
|  18|0x0000000083a00000, 0x0000000083a00000, 0x0000000083b00000|  0%| F|  |TAMS 0x0000000083a00000, 0x0000000083a00000| Untracked 
|  19|0x0000000083b00000, 0x0000000083b00000, 0x0000000083c00000|  0%| F|  |TAMS 0x0000000083b00000, 0x0000000083b00000| Untracked 
|  20|0x0000000083c00000, 0x0000000083c00000, 0x0000000083d00000|  0%| F|  |TAMS 0x0000000083c00000, 0x0000000083c00000| Untracked 
|  21|0x0000000083d00000, 0x0000000083d00000, 0x0000000083e00000|  0%| F|  |TAMS 0x0000000083d00000, 0x0000000083d00000| Untracked 
|  22|0x0000000083e00000, 0x0000000083e00000, 0x0000000083f00000|  0%| F|  |TAMS 0x0000000083e00000, 0x0000000083e00000| Untracked 
|  23|0x0000000083f00000, 0x0000000083f00000, 0x0000000084000000|  0%| F|  |TAMS 0x0000000083f00000, 0x0000000083f00000| Untracked 
|  24|0x0000000084000000, 0x0000000084000000, 0x0000000084100000|  0%| F|  |TAMS 0x0000000084000000, 0x0000000084000000| Untracked 
|  25|0x0000000084100000, 0x0000000084182608, 0x0000000084200000| 50%| S|CS|TAMS 0x0000000084100000, 0x0000000084100000| Complete 
|  26|0x0000000084200000, 0x0000000084300000, 0x0000000084300000|100%| S|CS|TAMS 0x0000000084200000, 0x0000000084200000| Complete 
|  27|0x0000000084300000, 0x0000000084300000, 0x0000000084400000|  0%| F|  |TAMS 0x0000000084300000, 0x0000000084300000| Untracked 
|  28|0x0000000084400000, 0x0000000084400000, 0x0000000084500000|  0%| F|  |TAMS 0x0000000084400000, 0x0000000084400000| Untracked 
|  29|0x0000000084500000, 0x0000000084532710, 0x0000000084600000| 19%| E|  |TAMS 0x0000000084500000, 0x0000000084500000| Complete 
|  30|0x0000000084600000, 0x0000000084700000, 0x0000000084700000|100%| E|CS|TAMS 0x0000000084600000, 0x0000000084600000| Complete 
|  31|0x0000000084700000, 0x0000000084800000, 0x0000000084800000|100%| E|CS|TAMS 0x0000000084700000, 0x0000000084700000| Complete 
|  32|0x0000000084800000, 0x0000000084900000, 0x0000000084900000|100%| E|  |TAMS 0x0000000084800000, 0x0000000084800000| Complete 
|  95|0x0000000088700000, 0x0000000088800000, 0x0000000088800000|100%| E|CS|TAMS 0x0000000088700000, 0x0000000088700000| Complete 
|  96|0x0000000088800000, 0x0000000088900000, 0x0000000088900000|100%| E|CS|TAMS 0x0000000088800000, 0x0000000088800000| Complete 
|  97|0x0000000088900000, 0x0000000088a00000, 0x0000000088a00000|100%| E|CS|TAMS 0x0000000088900000, 0x0000000088900000| Complete 
| 125|0x000000008a500000, 0x000000008a600000, 0x000000008a600000|100%| E|CS|TAMS 0x000000008a500000, 0x000000008a500000| Complete 

Card table byte_map: [0x0000020bc3350000,0x0000020bc3740000] _byte_map_base: 0x0000020bc2f3c000

Marking Bits (Prev, Next): (CMBitMap*) 0x0000020baea8fcc0, (CMBitMap*) 0x0000020baea8fc80
 Prev Bits: [0x0000020bc5a90000, 0x0000020bc79f0000)
 Next Bits: [0x0000020bc3b30000, 0x0000020bc5a90000)

Polling page: 0x0000020bae820000

Metaspace:

Usage:
  Non-class:     40.94 MB used.
      Class:      5.88 MB used.
       Both:     46.83 MB used.

Virtual space:
  Non-class space:       48.00 MB reserved,      41.12 MB ( 86%) committed,  6 nodes.
      Class space:        1.00 GB reserved,       6.06 MB ( <1%) committed,  1 nodes.
             Both:        1.05 GB reserved,      47.19 MB (  4%) committed. 

Chunk freelists:
   Non-Class:  2.92 MB
       Class:  1.91 MB
        Both:  4.83 MB

MaxMetaspaceSize: unlimited
CompressedClassSpaceSize: 1.00 GB
Initial GC threshold: 21.00 MB
Current GC threshold: 75.00 MB
CDS: off
MetaspaceReclaimPolicy: balanced
 - commit_granule_bytes: 65536.
 - commit_granule_words: 8192.
 - virtual_space_node_default_size: 1048576.
 - enlarge_chunks_in_place: 1.
 - new_chunks_are_fully_committed: 0.
 - uncommit_free_chunks: 1.
 - use_allocation_guard: 0.
 - handle_deallocations: 1.


Internal statistics:

num_allocs_failed_limit: 6.
num_arena_births: 306.
num_arena_deaths: 0.
num_vsnodes_births: 7.
num_vsnodes_deaths: 0.
num_space_committed: 755.
num_space_uncommitted: 0.
num_chunks_returned_to_freelist: 6.
num_chunks_taken_from_freelist: 1691.
num_chunk_merges: 6.
num_chunk_splits: 1202.
num_chunks_enlarged: 962.
num_purges: 0.
num_inconsistent_stats: 0.

CodeHeap 'non-profiled nmethods': size=120000Kb used=1932Kb max_used=1932Kb free=118067Kb
 bounds [0x0000020bbb3f0000, 0x0000020bbb660000, 0x0000020bc2920000]
CodeHeap 'profiled nmethods': size=120000Kb used=8200Kb max_used=8200Kb free=111799Kb
 bounds [0x0000020bb3ec0000, 0x0000020bb46d0000, 0x0000020bbb3f0000]
CodeHeap 'non-nmethods': size=5760Kb used=1229Kb max_used=1321Kb free=4530Kb
 bounds [0x0000020bb3920000, 0x0000020bb3b90000, 0x0000020bb3ec0000]
 total_blobs=4234 nmethods=3700 adapters=446
 compilation: enabled
              stopped_count=0, restarted_count=0
 full_count=0

Compilation events (20 events):
Event: 17.305 Thread 0x0000020bca005ac0 nmethod 3712 0x0000020bb46ba090 code [0x0000020bb46ba240, 0x0000020bb46ba428]
Event: 17.306 Thread 0x0000020bca0050d0 3713   !   4       jdk.internal.loader.BuiltinClassLoader$2::run (114 bytes)
Event: 17.308 Thread 0x0000020bca005ac0 3714       3       java.lang.ClassLoader::getResource (41 bytes)
Event: 17.308 Thread 0x0000020bca005ac0 nmethod 3714 0x0000020bb46ba590 code [0x0000020bb46ba780, 0x0000020bb46bad78]
Event: 17.308 Thread 0x0000020bca005ac0 3716   !   3       jdk.internal.loader.BuiltinClassLoader::findResource (154 bytes)
Event: 17.310 Thread 0x0000020bca005ac0 nmethod 3716 0x0000020bb46baf10 code [0x0000020bb46bb280, 0x0000020bb46bc748]
Event: 17.310 Thread 0x0000020bca005ac0 3715       3       jdk.internal.loader.BootLoader::findResource (8 bytes)
Event: 17.310 Thread 0x0000020bca005ac0 nmethod 3715 0x0000020bb46bcf10 code [0x0000020bb46bd0c0, 0x0000020bb46bd2c8]
Event: 17.358 Thread 0x0000020bca005ac0 3717       3       java.lang.invoke.MethodType::methodType (14 bytes)
Event: 17.359 Thread 0x0000020bca005ac0 nmethod 3717 0x0000020bb46bd390 code [0x0000020bb46bd540, 0x0000020bb46bd868]
Event: 17.376 Thread 0x0000020bca0050d0 nmethod 3713 0x0000020bbb5d0a90 code [0x0000020bbb5d0ca0, 0x0000020bbb5d1c28]
Event: 17.376 Thread 0x0000020bca0050d0 3718       4       jdk.internal.loader.Resource::getByteBuffer (24 bytes)
Event: 17.380 Thread 0x0000020bca0050d0 nmethod 3718 0x0000020bbb5d2510 code [0x0000020bbb5d26a0, 0x0000020bbb5d2b08]
Event: 17.390 Thread 0x0000020bca0050d0 3719       4       java.util.Arrays::hashCode (56 bytes)
Event: 17.393 Thread 0x0000020bca0050d0 nmethod 3719 0x0000020bbb5d2d10 code [0x0000020bbb5d2ea0, 0x0000020bbb5d2ff8]
Event: 17.393 Thread 0x0000020bca0050d0 3720       4       java.lang.reflect.Method::getAnnotation (6 bytes)
Event: 17.403 Thread 0x0000020bca005ac0 3722       3       java.lang.Module::canRead (86 bytes)
Event: 17.405 Thread 0x0000020bca005ac0 nmethod 3722 0x0000020bb46bd990 code [0x0000020bb46bdd40, 0x0000020bb46bfa88]
Event: 17.405 Thread 0x0000020bca005ac0 3723       3       java.lang.WeakPairMap::containsKeyPair (17 bytes)
Event: 17.406 Thread 0x0000020bca005ac0 nmethod 3723 0x0000020bb46c0110 code [0x0000020bb46c03a0, 0x0000020bb46c1218]

GC Heap History (20 events):
Event: 7.123 GC heap before
{Heap before GC invocations=4 (full 0):
 garbage-first heap   total 37888K, used 26787K [0x0000000082800000, 0x0000000100000000)
  region size 1024K, 22 young (22528K), 3 survivors (3072K)
 Metaspace       used 25614K, committed 25856K, reserved 1073152K
  class space    used 2922K, committed 3008K, reserved 1048576K
}
Event: 7.130 GC heap after
{Heap after GC invocations=5 (full 0):
 garbage-first heap   total 37888K, used 10647K [0x0000000082800000, 0x0000000100000000)
  region size 1024K, 5 young (5120K), 5 survivors (5120K)
 Metaspace       used 25614K, committed 25856K, reserved 1073152K
  class space    used 2922K, committed 3008K, reserved 1048576K
}
Event: 7.508 GC heap before
{Heap before GC invocations=5 (full 0):
 garbage-first heap   total 37888K, used 22935K [0x0000000082800000, 0x0000000100000000)
  region size 1024K, 18 young (18432K), 5 survivors (5120K)
 Metaspace       used 27690K, committed 27968K, reserved 1081344K
  class space    used 3196K, committed 3328K, reserved 1048576K
}
Event: 7.516 GC heap after
{Heap after GC invocations=6 (full 0):
 garbage-first heap   total 37888K, used 11755K [0x0000000082800000, 0x0000000100000000)
  region size 1024K, 3 young (3072K), 3 survivors (3072K)
 Metaspace       used 27690K, committed 27968K, reserved 1081344K
  class space    used 3196K, committed 3328K, reserved 1048576K
}
Event: 8.399 GC heap before
{Heap before GC invocations=6 (full 0):
 garbage-first heap   total 37888K, used 25067K [0x0000000082800000, 0x0000000100000000)
  region size 1024K, 16 young (16384K), 3 survivors (3072K)
 Metaspace       used 29403K, committed 29632K, reserved 1081344K
  class space    used 3415K, committed 3520K, reserved 1048576K
}
Event: 8.407 GC heap after
{Heap after GC invocations=7 (full 0):
 garbage-first heap   total 37888K, used 12464K [0x0000000082800000, 0x0000000100000000)
  region size 1024K, 2 young (2048K), 2 survivors (2048K)
 Metaspace       used 29403K, committed 29632K, reserved 1081344K
  class space    used 3415K, committed 3520K, reserved 1048576K
}
Event: 9.837 GC heap before
{Heap before GC invocations=7 (full 0):
 garbage-first heap   total 37888K, used 25776K [0x0000000082800000, 0x0000000100000000)
  region size 1024K, 16 young (16384K), 2 survivors (2048K)
 Metaspace       used 31989K, committed 32256K, reserved 1081344K
  class space    used 3777K, committed 3904K, reserved 1048576K
}
Event: 9.847 GC heap after
{Heap after GC invocations=8 (full 0):
 garbage-first heap   total 37888K, used 13359K [0x0000000082800000, 0x0000000100000000)
  region size 1024K, 2 young (2048K), 2 survivors (2048K)
 Metaspace       used 31989K, committed 32256K, reserved 1081344K
  class space    used 3777K, committed 3904K, reserved 1048576K
}
Event: 11.081 GC heap before
{Heap before GC invocations=8 (full 0):
 garbage-first heap   total 37888K, used 26671K [0x0000000082800000, 0x0000000100000000)
  region size 1024K, 15 young (15360K), 2 survivors (2048K)
 Metaspace       used 35218K, committed 35584K, reserved 1081344K
  class space    used 4253K, committed 4416K, reserved 1048576K
}
Event: 11.092 GC heap after
{Heap after GC invocations=9 (full 0):
 garbage-first heap   total 37888K, used 15230K [0x0000000082800000, 0x0000000100000000)
  region size 1024K, 2 young (2048K), 2 survivors (2048K)
 Metaspace       used 35218K, committed 35584K, reserved 1081344K
  class space    used 4253K, committed 4416K, reserved 1048576K
}
Event: 11.330 GC heap before
{Heap before GC invocations=9 (full 0):
 garbage-first heap   total 37888K, used 16254K [0x0000000082800000, 0x0000000100000000)
  region size 1024K, 4 young (4096K), 2 survivors (2048K)
 Metaspace       used 35667K, committed 35968K, reserved 1081344K
  class space    used 4301K, committed 4416K, reserved 1048576K
}
Event: 11.336 GC heap after
{Heap after GC invocations=10 (full 0):
 garbage-first heap   total 37888K, used 15660K [0x0000000082800000, 0x0000000100000000)
  region size 1024K, 1 young (1024K), 1 survivors (1024K)
 Metaspace       used 35667K, committed 35968K, reserved 1081344K
  class space    used 4301K, committed 4416K, reserved 1048576K
}
Event: 12.016 GC heap before
{Heap before GC invocations=11 (full 0):
 garbage-first heap   total 37888K, used 26924K [0x0000000082800000, 0x0000000100000000)
  region size 1024K, 12 young (12288K), 1 survivors (1024K)
 Metaspace       used 37706K, committed 38016K, reserved 1089536K
  class space    used 4522K, committed 4672K, reserved 1048576K
}
Event: 12.021 GC heap after
{Heap after GC invocations=12 (full 0):
 garbage-first heap   total 37888K, used 16441K [0x0000000082800000, 0x0000000100000000)
  region size 1024K, 2 young (2048K), 2 survivors (2048K)
 Metaspace       used 37706K, committed 38016K, reserved 1089536K
  class space    used 4522K, committed 4672K, reserved 1048576K
}
Event: 12.538 GC heap before
{Heap before GC invocations=12 (full 0):
 garbage-first heap   total 37888K, used 27705K [0x0000000082800000, 0x0000000100000000)
  region size 1024K, 13 young (13312K), 2 survivors (2048K)
 Metaspace       used 39839K, committed 40128K, reserved 1089536K
  class space    used 4785K, committed 4928K, reserved 1048576K
}
Event: 12.542 GC heap after
{Heap after GC invocations=13 (full 0):
 garbage-first heap   total 37888K, used 17281K [0x0000000082800000, 0x0000000100000000)
  region size 1024K, 2 young (2048K), 2 survivors (2048K)
 Metaspace       used 39839K, committed 40128K, reserved 1089536K
  class space    used 4785K, committed 4928K, reserved 1048576K
}
Event: 13.605 GC heap before
{Heap before GC invocations=13 (full 0):
 garbage-first heap   total 37888K, used 27521K [0x0000000082800000, 0x0000000100000000)
  region size 1024K, 13 young (13312K), 2 survivors (2048K)
 Metaspace       used 43259K, committed 43520K, reserved 1089536K
  class space    used 5136K, committed 5248K, reserved 1048576K
}
Event: 13.611 GC heap after
{Heap after GC invocations=14 (full 0):
 garbage-first heap   total 37888K, used 18283K [0x0000000082800000, 0x0000000100000000)
  region size 1024K, 2 young (2048K), 2 survivors (2048K)
 Metaspace       used 43259K, committed 43520K, reserved 1089536K
  class space    used 5136K, committed 5248K, reserved 1048576K
}
Event: 16.726 GC heap before
{Heap before GC invocations=14 (full 0):
 garbage-first heap   total 37888K, used 28523K [0x0000000082800000, 0x0000000100000000)
  region size 1024K, 12 young (12288K), 2 survivors (2048K)
 Metaspace       used 45747K, committed 46080K, reserved 1089536K
  class space    used 5552K, committed 5696K, reserved 1048576K
}
Event: 16.729 GC heap after
{Heap after GC invocations=15 (full 0):
 garbage-first heap   total 37888K, used 18769K [0x0000000082800000, 0x0000000100000000)
  region size 1024K, 2 young (2048K), 2 survivors (2048K)
 Metaspace       used 45747K, committed 46080K, reserved 1089536K
  class space    used 5552K, committed 5696K, reserved 1048576K
}

Deoptimization events (20 events):
Event: 13.219 Thread 0x0000020baea526c0 Uncommon trap: trap_request=0xffffff45 fr.pc=0x0000020bbb5887f4 relative=0x0000000000001ff4
Event: 13.219 Thread 0x0000020baea526c0 Uncommon trap: reason=unstable_if action=reinterpret pc=0x0000020bbb5887f4 method=java.net.URL.<init>(Ljava/net/URL;Ljava/lang/String;Ljava/net/URLStreamHandler;)V @ 57 c2
Event: 13.219 Thread 0x0000020baea526c0 DEOPT PACKING pc=0x0000020bbb5887f4 sp=0x0000005a224fe4e0
Event: 13.219 Thread 0x0000020baea526c0 DEOPT UNPACKING pc=0x0000020bb39723a3 sp=0x0000005a224fe4a0 mode 2
Event: 13.219 Thread 0x0000020baea526c0 Uncommon trap: trap_request=0xffffff45 fr.pc=0x0000020bbb55379c relative=0x000000000000303c
Event: 13.219 Thread 0x0000020baea526c0 Uncommon trap: reason=unstable_if action=reinterpret pc=0x0000020bbb55379c method=java.net.URLStreamHandler.parseURL(Ljava/net/URL;Ljava/lang/String;II)V @ 57 c2
Event: 13.219 Thread 0x0000020baea526c0 DEOPT PACKING pc=0x0000020bbb55379c sp=0x0000005a224fe350
Event: 13.219 Thread 0x0000020baea526c0 DEOPT UNPACKING pc=0x0000020bb39723a3 sp=0x0000005a224fe310 mode 2
Event: 15.419 Thread 0x0000020baea526c0 Uncommon trap: trap_request=0xffffff45 fr.pc=0x0000020bbb50f90c relative=0x00000000000000ec
Event: 15.419 Thread 0x0000020baea526c0 Uncommon trap: reason=unstable_if action=reinterpret pc=0x0000020bbb50f90c method=java.lang.ClassLoader.getClassLoadingLock(Ljava/lang/String;)Ljava/lang/Object; @ 6 c2
Event: 15.420 Thread 0x0000020baea526c0 DEOPT PACKING pc=0x0000020bbb50f90c sp=0x0000005a224f9660
Event: 15.420 Thread 0x0000020baea526c0 DEOPT UNPACKING pc=0x0000020bb39723a3 sp=0x0000005a224f9600 mode 2
Event: 17.140 Thread 0x0000020baea526c0 Uncommon trap: trap_request=0xffffffcc fr.pc=0x0000020bbb5b4768 relative=0x0000000000000348
Event: 17.140 Thread 0x0000020baea526c0 Uncommon trap: reason=intrinsic_or_type_checked_inlining action=make_not_entrant pc=0x0000020bbb5b4768 method=java.util.Arrays.copyOf([Ljava/lang/Object;ILjava/lang/Class;)[Ljava/lang/Object; @ 35 c2
Event: 17.140 Thread 0x0000020baea526c0 DEOPT PACKING pc=0x0000020bbb5b4768 sp=0x0000005a224fd670
Event: 17.140 Thread 0x0000020baea526c0 DEOPT UNPACKING pc=0x0000020bb39723a3 sp=0x0000005a224fd600 mode 2
Event: 17.279 Thread 0x0000020baea526c0 Uncommon trap: trap_request=0xffffff45 fr.pc=0x0000020bbb5a5494 relative=0x00000000000007d4
Event: 17.279 Thread 0x0000020baea526c0 Uncommon trap: reason=unstable_if action=reinterpret pc=0x0000020bbb5a5494 method=java.util.WeakHashMap.put(Ljava/lang/Object;Ljava/lang/Object;)Ljava/lang/Object; @ 146 c2
Event: 17.279 Thread 0x0000020baea526c0 DEOPT PACKING pc=0x0000020bbb5a5494 sp=0x0000005a224fdd80
Event: 17.279 Thread 0x0000020baea526c0 DEOPT UNPACKING pc=0x0000020bb39723a3 sp=0x0000005a224fdcd8 mode 2

Classes unloaded (0 events):
No events

Classes redefined (0 events):
No events

Internal exceptions (20 events):
Event: 9.977 Thread 0x0000020baea526c0 Exception <a 'java/lang/ClassNotFoundException'{0x00000000888b1d90}: org/springframework/transaction/annotation/AbstractTransactionManagementConfigurationCustomizer> (0x00000000888b1d90) 
thrown [e:\jenkins\tmp\workspace\build\src\src\hotspot\share\classfile\systemDictionary.cpp, line 256]
Event: 9.977 Thread 0x0000020baea526c0 Exception <a 'java/lang/ClassNotFoundException'{0x00000000888b82b0}: org/springframework/transaction/annotation/ProxyTransactionManagementConfigurationCustomizer> (0x00000000888b82b0) 
thrown [e:\jenkins\tmp\workspace\build\src\src\hotspot\share\classfile\systemDictionary.cpp, line 256]
Event: 9.978 Thread 0x0000020baea526c0 Exception <a 'java/lang/ClassNotFoundException'{0x00000000888bf820}: org/springframework/context/annotation/ImportAwareCustomizer> (0x00000000888bf820) 
thrown [e:\jenkins\tmp\workspace\build\src\src\hotspot\share\classfile\systemDictionary.cpp, line 256]
Event: 9.979 Thread 0x0000020baea526c0 Exception <a 'java/lang/ClassNotFoundException'{0x00000000888c3eb0}: org/springframework/beans/factory/AwareCustomizer> (0x00000000888c3eb0) 
thrown [e:\jenkins\tmp\workspace\build\src\src\hotspot\share\classfile\systemDictionary.cpp, line 256]
Event: 10.571 Thread 0x0000020baea526c0 Exception <a 'java/lang/NoSuchMethodError'{0x00000000845149c0}: 'java.lang.Object java.lang.invoke.DirectMethodHandle$Holder.invokeStatic(java.lang.Object, java.lang.Object, int)'> (0x00000000845149c0) 
thrown [e:\jenkins\tmp\workspace\build\src\src\hotspot\share\interpreter\linkResolver.cpp, line 766]
Event: 10.573 Thread 0x0000020baea526c0 Exception <a 'java/lang/NoSuchMethodError'{0x0000000084520360}: 'void java.lang.invoke.DelegatingMethodHandle$Holder.delegate(java.lang.Object, java.lang.Object, int, java.lang.Object)'> (0x0000000084520360) 
thrown [e:\jenkins\tmp\workspace\build\src\src\hotspot\share\interpreter\linkResolver.cpp, line 766]
Event: 10.647 Thread 0x0000020baea526c0 Exception <a 'java/lang/NoSuchMethodError'{0x0000000084443748}: 'void java.lang.invoke.DirectMethodHandle$Holder.invokeInterface(java.lang.Object, java.lang.Object, int)'> (0x0000000084443748) 
thrown [e:\jenkins\tmp\workspace\build\src\src\hotspot\share\interpreter\linkResolver.cpp, line 766]
Event: 10.657 Thread 0x0000020baea526c0 Exception <a 'java/lang/NoSuchMethodError'{0x000000008445d4f8}: 'int java.lang.invoke.DirectMethodHandle$Holder.invokeVirtual(java.lang.Object, java.lang.Object)'> (0x000000008445d4f8) 
thrown [e:\jenkins\tmp\workspace\build\src\src\hotspot\share\interpreter\linkResolver.cpp, line 766]
Event: 10.668 Thread 0x0000020baea526c0 Exception <a 'java/lang/IncompatibleClassChangeError'{0x0000000084496cb0}: Found class java.lang.Object, but interface was expected> (0x0000000084496cb0) 
thrown [e:\jenkins\tmp\workspace\build\src\src\hotspot\share\interpreter\linkResolver.cpp, line 833]
Event: 10.669 Thread 0x0000020baea526c0 Exception <a 'java/lang/NoSuchMethodError'{0x000000008449be38}: 'void java.lang.invoke.DirectMethodHandle$Holder.invokeStatic(java.lang.Object, int, java.lang.Object)'> (0x000000008449be38) 
thrown [e:\jenkins\tmp\workspace\build\src\src\hotspot\share\interpreter\linkResolver.cpp, line 766]
Event: 10.679 Thread 0x0000020baea526c0 Exception <a 'java/lang/NoSuchMethodError'{0x00000000844cadd8}: 'int java.lang.invoke.DirectMethodHandle$Holder.invokeSpecial(java.lang.Object, java.lang.Object, int)'> (0x00000000844cadd8) 
thrown [e:\jenkins\tmp\workspace\build\src\src\hotspot\share\interpreter\linkResolver.cpp, line 766]
Event: 10.923 Thread 0x0000020baea526c0 Exception <a 'java/lang/NoSuchMethodError'{0x00000000840b1b50}: 'java.lang.Object java.lang.invoke.DirectMethodHandle$Holder.invokeStaticInit(java.lang.Object, int, int, int, int)'> (0x00000000840b1b50) 
thrown [e:\jenkins\tmp\workspace\build\src\src\hotspot\share\interpreter\linkResolver.cpp, line 766]
Event: 11.093 Thread 0x0000020baea526c0 Exception <a 'java/lang/NoSuchMethodError'{0x000000008a5029d0}: 'java.lang.Object java.lang.invoke.DirectMethodHandle$Holder.invokeStaticInit(java.lang.Object, java.lang.Object, int, int, int, int)'> (0x000000008a5029d0) 
thrown [e:\jenkins\tmp\workspace\build\src\src\hotspot\share\interpreter\linkResolver.cpp, line 766]
Event: 11.790 Thread 0x0000020baea526c0 Implicit null exception at 0x0000020bbb48a40c to 0x0000020bbb48bb5c
Event: 11.945 Thread 0x0000020baea526c0 Exception <a 'java/io/FileNotFoundException'{0x0000000084224a18}> (0x0000000084224a18) 
thrown [e:\jenkins\tmp\workspace\build\src\src\hotspot\share\prims\jni.cpp, line 516]
Event: 11.996 Thread 0x0000020baea526c0 Exception <a 'java/lang/NoSuchMethodError'{0x00000000841a21a8}: 'int java.lang.invoke.DirectMethodHandle$Holder.invokeInterface(java.lang.Object, java.lang.Object, java.lang.Object, java.lang.Object)'> (0x00000000841a21a8) 
thrown [e:\jenkins\tmp\workspace\build\src\src\hotspot\share\interpreter\linkResolver.cpp, line 766]
Event: 12.099 Thread 0x0000020baea526c0 Exception <a 'java/io/FileNotFoundException'{0x00000000889964c0}> (0x00000000889964c0) 
thrown [e:\jenkins\tmp\workspace\build\src\src\hotspot\share\prims\jni.cpp, line 516]
Event: 12.310 Thread 0x0000020baea526c0 Implicit null exception at 0x0000020bbb557a6d to 0x0000020bbb55803c
Event: 12.833 Thread 0x0000020baea526c0 Exception <a 'java/lang/NoSuchMethodError'{0x0000000084413688}: 'java.lang.Object java.lang.invoke.DirectMethodHandle$Holder.invokeStaticInit(java.lang.Object, java.lang.Object, java.lang.Object, java.lang.Object)'> (0x0000000084413688) 
thrown [e:\jenkins\tmp\workspace\build\src\src\hotspot\share\interpreter\linkResolver.cpp, line 766]
Event: 12.870 Thread 0x0000020baea526c0 Implicit null exception at 0x0000020bbb506ab7 to 0x0000020bbb506c8c

VM Operations (20 events):
Event: 12.538 Executing VM operation: G1CollectForAllocation
Event: 12.542 Executing VM operation: G1CollectForAllocation done
Event: 12.589 Executing VM operation: HandshakeAllThreads
Event: 12.589 Executing VM operation: HandshakeAllThreads done
Event: 12.612 Executing VM operation: HandshakeAllThreads
Event: 12.612 Executing VM operation: HandshakeAllThreads done
Event: 13.605 Executing VM operation: G1CollectForAllocation
Event: 13.611 Executing VM operation: G1CollectForAllocation done
Event: 13.841 Executing VM operation: HandshakeAllThreads
Event: 13.841 Executing VM operation: HandshakeAllThreads done
Event: 14.847 Executing VM operation: Cleanup
Event: 14.847 Executing VM operation: Cleanup done
Event: 15.856 Executing VM operation: Cleanup
Event: 15.856 Executing VM operation: Cleanup done
Event: 16.726 Executing VM operation: G1CollectForAllocation
Event: 16.729 Executing VM operation: G1CollectForAllocation done
Event: 16.776 Executing VM operation: G1Concurrent
Event: 16.782 Executing VM operation: G1Concurrent done
Event: 16.804 Executing VM operation: G1Concurrent
Event: 16.805 Executing VM operation: G1Concurrent done

Events (20 events):
Event: 17.152 loading class java/time/temporal/TemporalQueries$6
Event: 17.152 loading class java/time/temporal/TemporalQueries$6 done
Event: 17.152 loading class java/time/temporal/TemporalQueries$7
Event: 17.152 loading class java/time/temporal/TemporalQueries$7 done
Event: 17.298 loading class javax/xml/stream/XMLEventReader
Event: 17.300 loading class javax/xml/stream/XMLEventReader done
Event: 17.308 loading class javax/xml/stream/XMLEventFactory
Event: 17.308 loading class javax/xml/stream/XMLEventFactory done
Event: 17.308 loading class javax/xml/stream/FactoryFinder
Event: 17.309 loading class javax/xml/stream/FactoryFinder done
Event: 17.310 loading class javax/xml/stream/FactoryFinder$1
Event: 17.310 loading class javax/xml/stream/FactoryFinder$1 done
Event: 17.311 loading class com/sun/xml/internal/stream/events/XMLEventFactoryImpl
Event: 17.312 loading class com/sun/xml/internal/stream/events/XMLEventFactoryImpl done
Event: 17.412 loading class javax/naming/InvalidNameException
Event: 17.413 loading class javax/naming/InvalidNameException done
Event: 17.413 loading class javax/naming/event/NamingListener
Event: 17.413 loading class javax/naming/event/NamingListener done
Event: 17.418 loading class javax/naming/event/NamespaceChangeListener
Event: 17.419 loading class javax/naming/event/NamespaceChangeListener done


Dynamic libraries:
0x00007ff726430000 - 0x00007ff72643e000 	C:\Users\isidr\.p2\pool\plugins\org.eclipse.justj.openjdk.hotspot.jre.full.win32.x86_64_17.0.2.v20220201-1208\jre\bin\javaw.exe
0x00007ff8ce7a0000 - 0x00007ff8ce9a9000 	C:\WINDOWS\SYSTEM32\ntdll.dll
0x00007ff8a54e0000 - 0x00007ff8a54f6000 	C:\Program Files\AVAST Software\Avast\aswhook.dll
0x00007ff8cdc20000 - 0x00007ff8cdcdd000 	C:\WINDOWS\System32\KERNEL32.DLL
0x00007ff8cbef0000 - 0x00007ff8cc264000 	C:\WINDOWS\System32\KERNELBASE.dll
0x00007ff8cc4b0000 - 0x00007ff8cc5c1000 	C:\WINDOWS\System32\ucrtbase.dll
0x00007ff8c1cd0000 - 0x00007ff8c1ce8000 	C:\Users\isidr\.p2\pool\plugins\org.eclipse.justj.openjdk.hotspot.jre.full.win32.x86_64_17.0.2.v20220201-1208\jre\bin\jli.dll
0x00007ff8ce3d0000 - 0x00007ff8ce57c000 	C:\WINDOWS\System32\USER32.dll
0x00007ff8cc270000 - 0x00007ff8cc296000 	C:\WINDOWS\System32\win32u.dll
0x00007ff8ce730000 - 0x00007ff8ce759000 	C:\WINDOWS\System32\GDI32.dll
0x00007ff8cbc90000 - 0x00007ff8cbda2000 	C:\WINDOWS\System32\gdi32full.dll
0x00007ff8cc2a0000 - 0x00007ff8cc33d000 	C:\WINDOWS\System32\msvcp_win.dll
0x00007ff8c1bb0000 - 0x00007ff8c1bc9000 	C:\Users\isidr\.p2\pool\plugins\org.eclipse.justj.openjdk.hotspot.jre.full.win32.x86_64_17.0.2.v20220201-1208\jre\bin\VCRUNTIME140.dll
0x00007ff8bb9b0000 - 0x00007ff8bbc55000 	C:\WINDOWS\WinSxS\amd64_microsoft.windows.common-controls_6595b64144ccf1df_6.0.22000.120_none_9d947278b86cc467\COMCTL32.dll
0x00007ff8ccd10000 - 0x00007ff8ccdb3000 	C:\WINDOWS\System32\msvcrt.dll
0x00007ff8ce6f0000 - 0x00007ff8ce721000 	C:\WINDOWS\System32\IMM32.DLL
0x00007ff8c74c0000 - 0x00007ff8c74cc000 	C:\Users\isidr\.p2\pool\plugins\org.eclipse.justj.openjdk.hotspot.jre.full.win32.x86_64_17.0.2.v20220201-1208\jre\bin\vcruntime140_1.dll
0x00007ff888510000 - 0x00007ff8885a1000 	C:\Users\isidr\.p2\pool\plugins\org.eclipse.justj.openjdk.hotspot.jre.full.win32.x86_64_17.0.2.v20220201-1208\jre\bin\msvcp140.dll
0x00007ff828ce0000 - 0x00007ff829927000 	C:\Users\isidr\.p2\pool\plugins\org.eclipse.justj.openjdk.hotspot.jre.full.win32.x86_64_17.0.2.v20220201-1208\jre\bin\server\jvm.dll
0x00007ff8ccec0000 - 0x00007ff8ccf6e000 	C:\WINDOWS\System32\ADVAPI32.dll
0x00007ff8cc6e0000 - 0x00007ff8cc77e000 	C:\WINDOWS\System32\sechost.dll
0x00007ff8cc870000 - 0x00007ff8cc990000 	C:\WINDOWS\System32\RPCRT4.dll
0x00007ff8ccdc0000 - 0x00007ff8ccdc8000 	C:\WINDOWS\System32\PSAPI.DLL
0x00007ff8c2630000 - 0x00007ff8c2639000 	C:\WINDOWS\SYSTEM32\WSOCK32.dll
0x00007ff8cd130000 - 0x00007ff8cd19f000 	C:\WINDOWS\System32\WS2_32.dll
0x00007ff8c7140000 - 0x00007ff8c7173000 	C:\WINDOWS\SYSTEM32\WINMM.dll
0x00007ff8c4d80000 - 0x00007ff8c4d8a000 	C:\WINDOWS\SYSTEM32\VERSION.dll
0x00007ff8cadc0000 - 0x00007ff8cadd8000 	C:\WINDOWS\SYSTEM32\kernel.appcore.dll
0x00007ff8c7a20000 - 0x00007ff8c7a2a000 	C:\Users\isidr\.p2\pool\plugins\org.eclipse.justj.openjdk.hotspot.jre.full.win32.x86_64_17.0.2.v20220201-1208\jre\bin\jimage.dll
0x00007ff8c9750000 - 0x00007ff8c9971000 	C:\WINDOWS\SYSTEM32\DBGHELP.DLL
0x00007ff8c48a0000 - 0x00007ff8c48d1000 	C:\WINDOWS\SYSTEM32\dbgcore.DLL
0x00007ff8cbdb0000 - 0x00007ff8cbe2f000 	C:\WINDOWS\System32\bcryptPrimitives.dll
0x00007ff88b0a0000 - 0x00007ff88b0c5000 	C:\Users\isidr\.p2\pool\plugins\org.eclipse.justj.openjdk.hotspot.jre.full.win32.x86_64_17.0.2.v20220201-1208\jre\bin\java.dll
0x00007ff89f740000 - 0x00007ff89f758000 	C:\Users\isidr\.p2\pool\plugins\org.eclipse.justj.openjdk.hotspot.jre.full.win32.x86_64_17.0.2.v20220201-1208\jre\bin\zip.dll
0x00007ff8cd1a0000 - 0x00007ff8cd94e000 	C:\WINDOWS\System32\SHELL32.dll
0x00007ff8c9dc0000 - 0x00007ff8ca628000 	C:\WINDOWS\SYSTEM32\windows.storage.dll
0x00007ff8cc990000 - 0x00007ff8ccd08000 	C:\WINDOWS\System32\combase.dll
0x00007ff8c9c50000 - 0x00007ff8c9db6000 	C:\WINDOWS\SYSTEM32\wintypes.dll
0x00007ff8ce580000 - 0x00007ff8ce66a000 	C:\WINDOWS\System32\SHCORE.dll
0x00007ff8ce310000 - 0x00007ff8ce36d000 	C:\WINDOWS\System32\shlwapi.dll
0x00007ff8cbbc0000 - 0x00007ff8cbbe1000 	C:\WINDOWS\SYSTEM32\profapi.dll
0x00007ff89d070000 - 0x00007ff89d089000 	C:\Users\isidr\.p2\pool\plugins\org.eclipse.justj.openjdk.hotspot.jre.full.win32.x86_64_17.0.2.v20220201-1208\jre\bin\net.dll
0x00007ff8c5b50000 - 0x00007ff8c5c5c000 	C:\WINDOWS\SYSTEM32\WINHTTP.dll
0x00007ff8cb270000 - 0x00007ff8cb2d7000 	C:\WINDOWS\system32\mswsock.dll
0x00007ff89a890000 - 0x00007ff89a8a5000 	C:\Users\isidr\.p2\pool\plugins\org.eclipse.justj.openjdk.hotspot.jre.full.win32.x86_64_17.0.2.v20220201-1208\jre\bin\nio.dll
0x00007ff8c1cb0000 - 0x00007ff8c1cc0000 	C:\Users\isidr\.p2\pool\plugins\org.eclipse.justj.openjdk.hotspot.jre.full.win32.x86_64_17.0.2.v20220201-1208\jre\bin\verify.dll
0x00007ff8c1b70000 - 0x00007ff8c1b79000 	C:\Users\isidr\.p2\pool\plugins\org.eclipse.justj.openjdk.hotspot.jre.full.win32.x86_64_17.0.2.v20220201-1208\jre\bin\management.dll
0x00007ff8bf0f0000 - 0x00007ff8bf0fb000 	C:\Users\isidr\.p2\pool\plugins\org.eclipse.justj.openjdk.hotspot.jre.full.win32.x86_64_17.0.2.v20220201-1208\jre\bin\management_ext.dll
0x00007ff8b7a10000 - 0x00007ff8b7a27000 	C:\WINDOWS\system32\napinsp.dll
0x00007ff8b79f0000 - 0x00007ff8b7a0b000 	C:\WINDOWS\system32\pnrpnsp.dll
0x00007ff8ca960000 - 0x00007ff8caa47000 	C:\WINDOWS\SYSTEM32\DNSAPI.dll
0x00007ff8ca8f0000 - 0x00007ff8ca91d000 	C:\WINDOWS\SYSTEM32\IPHLPAPI.DLL
0x00007ff8cc6d0000 - 0x00007ff8cc6d9000 	C:\WINDOWS\System32\NSI.dll
0x00007ff8b79d0000 - 0x00007ff8b79e2000 	C:\WINDOWS\System32\winrnr.dll
0x00007ff8b79b0000 - 0x00007ff8b79c5000 	C:\WINDOWS\system32\wshbth.dll
0x00007ff8b7990000 - 0x00007ff8b79af000 	C:\WINDOWS\system32\nlansp_c.dll
0x00007ff8c3180000 - 0x00007ff8c318a000 	C:\Windows\System32\rasadhlp.dll
0x00007ff8c4cf0000 - 0x00007ff8c4d71000 	C:\WINDOWS\System32\fwpuclnt.dll
0x00007ff8cb4d0000 - 0x00007ff8cb4e8000 	C:\WINDOWS\SYSTEM32\CRYPTSP.dll
0x00007ff8cad20000 - 0x00007ff8cad55000 	C:\WINDOWS\system32\rsaenh.dll
0x00007ff8cb380000 - 0x00007ff8cb3a9000 	C:\WINDOWS\SYSTEM32\USERENV.dll
0x00007ff8cb670000 - 0x00007ff8cb697000 	C:\WINDOWS\SYSTEM32\bcrypt.dll
0x00007ff8cb4f0000 - 0x00007ff8cb4fc000 	C:\WINDOWS\SYSTEM32\CRYPTBASE.dll
0x00007ff8c5a90000 - 0x00007ff8c5aa9000 	C:\WINDOWS\SYSTEM32\dhcpcsvc6.DLL
0x00007ff8c70f0000 - 0x00007ff8c710e000 	C:\WINDOWS\SYSTEM32\dhcpcsvc.DLL
0x00007ff8c4960000 - 0x00007ff8c496e000 	C:\Users\isidr\.p2\pool\plugins\org.eclipse.justj.openjdk.hotspot.jre.full.win32.x86_64_17.0.2.v20220201-1208\jre\bin\sunmscapi.dll
0x00007ff8cc340000 - 0x00007ff8cc4a2000 	C:\WINDOWS\System32\CRYPT32.dll
0x00007ff8cb640000 - 0x00007ff8cb668000 	C:\WINDOWS\SYSTEM32\ncrypt.dll
0x00007ff8cb600000 - 0x00007ff8cb637000 	C:\WINDOWS\SYSTEM32\NTASN1.dll

dbghelp: loaded successfully - version: 4.0.5 - missing functions: none
symbol engine: initialized successfully - sym options: 0x614 - pdb path: .;C:\Users\isidr\.p2\pool\plugins\org.eclipse.justj.openjdk.hotspot.jre.full.win32.x86_64_17.0.2.v20220201-1208\jre\bin;C:\WINDOWS\SYSTEM32;C:\Program Files\AVAST Software\Avast;C:\WINDOWS\WinSxS\amd64_microsoft.windows.common-controls_6595b64144ccf1df_6.0.22000.120_none_9d947278b86cc467;C:\Users\isidr\.p2\pool\plugins\org.eclipse.justj.openjdk.hotspot.jre.full.win32.x86_64_17.0.2.v20220201-1208\jre\bin\server

VM Arguments:
jvm_args: -Dfile.encoding=UTF-8 -XX:+ShowCodeDetailsInExceptionMessages 
java_command: com.isidro.ejercicio4.Application
java_class_path (initial): C:\dev\bootcamp\curso_spring\viernes_01\ejercicio4\target\classes;C:\Users\isidr\.m2\repository\org\springframework\data\spring-data-jpa\2.4.1\spring-data-jpa-2.4.1.jar;C:\Users\isidr\.m2\repository\org\springframework\data\spring-data-jpa\2.6.3\spring-data-jpa-2.6.3.jar;C:\Users\isidr\.m2\repository\org\springframework\boot\spring-boot-starter-data-jpa\2.6.5\spring-boot-starter-data-jpa-2.6.5.jar;C:\Users\isidr\.m2\repository\org\springframework\boot\spring-boot-starter-aop\2.6.5\spring-boot-starter-aop-2.6.5.jar;C:\Users\isidr\.m2\repository\org\springframework\spring-aop\5.3.17\spring-aop-5.3.17.jar;C:\Users\isidr\.m2\repository\org\aspectj\aspectjweaver\1.9.7\aspectjweaver-1.9.7.jar;C:\Users\isidr\.m2\repository\org\springframework\boot\spring-boot-starter-jdbc\2.6.5\spring-boot-starter-jdbc-2.6.5.jar;C:\Users\isidr\.m2\repository\com\zaxxer\HikariCP\4.0.3\HikariCP-4.0.3.jar;C:\Users\isidr\.m2\repository\org\springframework\spring-jdbc\5.3.17\spring-jdbc-5.3.17.jar;C:\Users\isidr\.m2\repository\jakarta\transaction\jakarta.transaction-api\1.3.3\jakarta.transaction-api-1.3.3.jar;C:\Users\isidr\.m2\repository\jakarta\persistence\jakarta.persistence-api\2.2.3\jakarta.persistence-api-2.2.3.jar;C:\Users\isidr\.m2\repository\org\hibernate\hibernate-core\5.6.7.Final\hibernate-core-5.6.7.Final.jar;C:\Users\isidr\.m2\repository\net\bytebuddy\byte-buddy\1.11.22\byte-buddy-1.11.22.jar;C:\Users\isidr\.m2\repository\antlr\antlr\2.7.7\antlr-2.7.7.jar;C:\Users\isidr\.m2\repository\org\jboss\jandex\2.4.2.Final\jandex-2.4.2.Final.jar;C:\Users\isidr\.m2\repository\com\fasterxml\classmate\1.5.1\classmate-1.5.1.jar;C:\Users\isidr\.m2\repository\org\hibernate\common\hibernate-commons-annotations\5.1.2.Final\hibernate-commons-annotations-5.1.2.Final.jar;C:\Users\isidr\.m2\repository\org\glassfish\jaxb\jaxb-runtime\2.3.6\jaxb-runtime-2.3.6.jar;C:\Users\isidr\.m2\repository\org\glassfish\jaxb\txw2\2.3.6\txw2-2.3.6.jar;C:\Users\isidr\.m2\repository\com\sun\is
Launcher Type: SUN_STANDARD

[Global flags]
     intx CICompilerCount                          = 3                                         {product} {ergonomic}
     uint ConcGCThreads                            = 1                                         {product} {ergonomic}
     uint G1ConcRefinementThreads                  = 4                                         {product} {ergonomic}
   size_t G1HeapRegionSize                         = 1048576                                   {product} {ergonomic}
    uintx GCDrainStackTargetSize                   = 64                                        {product} {ergonomic}
   size_t InitialHeapSize                          = 132120576                                 {product} {ergonomic}
   size_t MarkStackSize                            = 4194304                                   {product} {ergonomic}
   size_t MaxHeapSize                              = 2105540608                                {product} {ergonomic}
   size_t MaxNewSize                               = 1262485504                                {product} {ergonomic}
   size_t MinHeapDeltaBytes                        = 1048576                                   {product} {ergonomic}
   size_t MinHeapSize                              = 8388608                                   {product} {ergonomic}
    uintx NonNMethodCodeHeapSize                   = 5832780                                {pd product} {ergonomic}
    uintx NonProfiledCodeHeapSize                  = 122912730                              {pd product} {ergonomic}
    uintx ProfiledCodeHeapSize                     = 122912730                              {pd product} {ergonomic}
    uintx ReservedCodeCacheSize                    = 251658240                              {pd product} {ergonomic}
     bool SegmentedCodeCache                       = true                                      {product} {ergonomic}
     bool ShowCodeDetailsInExceptionMessages       = true                                   {manageable} {command line}
   size_t SoftMaxHeapSize                          = 2105540608                             {manageable} {ergonomic}
     bool UseCompressedClassPointers               = true                           {product lp64_product} {ergonomic}
     bool UseCompressedOops                        = true                           {product lp64_product} {ergonomic}
     bool UseG1GC                                  = true                                      {product} {ergonomic}
     bool UseLargePagesIndividualAllocation        = false                                  {pd product} {ergonomic}

Logging:
Log output configuration:
 #0: stdout all=warning uptime,level,tags
 #1: stderr all=off uptime,level,tags

Environment Variables:
PATH=C:/Users/isidr/.p2/pool/plugins/org.eclipse.justj.openjdk.hotspot.jre.full.win32.x86_64_17.0.2.v20220201-1208/jre/bin/server;C:/Users/isidr/.p2/pool/plugins/org.eclipse.justj.openjdk.hotspot.jre.full.win32.x86_64_17.0.2.v20220201-1208/jre/bin;C:\Python310\Scripts\;C:\Python310\;C:\Program Files\Java\jdk1.8.0_301\bin;C:\Program Files\Common Files\Oracle\Java\javapath;C:\Program Files (x86)\Common Files\Oracle\Java\javapath;C:\Program Files (x86)\Common Files\Intel\Shared Libraries\redist\intel64\compiler;C:\Windows\System32;C:\Windows;C:\Windows\System32\wbem;C:\Windows\System32\WindowsPowerShell\v1.0\;C:\Windows\System32\OpenSSH\;C:\Program Files (x86)\Microsoft SQL Server\100\Tools\Binn\;C:\Program Files\Microsoft SQL Server\100\Tools\Binn\;C:\Program Files\Microsoft SQL Server\100\DTS\Binn\;C:\Program Files\Microsoft SQL Server\130\Tools\Binn\;C:\Program Files\Microsoft SQL Server\Client SDK\ODBC\170\Tools\Binn\;C:\Program Files\dotnet\;C:\Program Files\Git\cmd;C:\Program Files\Java\jre1.8.0_291\bin;C:\Program Files (x86)\Java\jre1.8.0_291\bin;C:\Users\isidr\AppData\Local\Android\Sdk\platform-tools;C:\Program Files\AutoFirma\AutoFirma;C:\ProgramData\chocolatey\bin;C:\Program Files (x86)\GtkSharp\2.12\bin;C:\Program Files\OpenSSH-Win64\ssh.exe;C:\Program Files\nodejs\;C:\xampp\php;C:\dev\Apache Maven\apache-maven-3.8.5\bin;C:\Users\isidr\AppData\Local\Microsoft\WindowsApps;C:\Users\isidr\AppData\Local\Programs\Microsoft VS Code\bin;C:\Users\isidr\.dotnet\tools;C:\Users\isidr\AppData\Roaming\npm;C:\WINDOWS\System32;
USERNAME=isidr
OS=Windows_NT
PROCESSOR_IDENTIFIER=Intel64 Family 6 Model 142 Stepping 9, GenuineIntel



---------------  S Y S T E M  ---------------

OS:
 Windows 11 , 64 bit Build 22000 (10.0.22000.434)
OS uptime: 8 days 3:22 hours
Hyper-V role detected

CPU: total 4 (initial active 4) (2 cores per cpu, 2 threads per core) family 6 model 142 stepping 9 microcode 0xde, cx8, cmov, fxsr, ht, mmx, 3dnowpref, sse, sse2, sse3, ssse3, sse4.1, sse4.2, popcnt, lzcnt, tsc, tscinvbit, avx, avx2, aes, erms, clmul, bmi1, bmi2, adx, fma, vzeroupper, clflush, clflushopt, hv

Memory: 4k page, system-wide physical 8025M (261M free)
TotalPageFile size 30577M (AvailPageFile size 4M)
current process WorkingSet (physical memory assigned to process): 165M, peak: 170M
current process commit charge ("private bytes"): 190M, peak: 228M

vm_info: OpenJDK 64-Bit Server VM (17.0.2+8) for windows-amd64 JRE (17.0.2+8), built on Jan 20 2022 04:52:34 by "" with MS VC++ 16.7 (VS2019)

END.
